<?xml version="1.0" encoding="UTF-8"?>
<testsuite xmlns:xsi="http://www.w3.org/2001/XMLSchema-instance" xsi:noNamespaceSchemaLocation="https://maven.apache.org/surefire/maven-surefire-plugin/xsd/surefire-test-report.xsd" version="3.0.2" name="com.julian.cv.MyCvApplicationTests" time="4.918" tests="1" errors="0" skipped="0" failures="0">
  <properties>
[...]
</properties>
  <testcase name="contextLoads" classname="com.julian.cv.MyCvApplicationTests" time="1.51">
    <system-out><![CDATA[16:36:19.864 [main] INFO org.springframework.test.context.support.AnnotationConfigContextLoaderUtils -- Could not detect default configuration classes for test class [com.julian.cv.MyCvApplicationTests]: MyCvApplicationTests does not declare any static, non-private, non-final, nested classes annotated with @Configuration.
16:36:20.087 [main] INFO org.springframework.boot.test.context.SpringBootTestContextBootstrapper -- Found @SpringBootConfiguration com.julian.cv.MyCvApplication for test class com.julian.cv.MyCvApplicationTests

  .   ____          _            __ _ _
 /\\ / ___'_ __ _ _(_)_ __  __ _ \ \ \ \
( ( )\___ | '_ | '_| | '_ \/ _` | \ \ \ \
 \\/  ___)| |_)| | | | | || (_| |  ) ) ) )
  '  |____| .__|_| |_|_| |_\__, | / / / /
 =========|_|==============|___/=/_/_/_/

 :: Spring Boot ::                (v3.5.6)

2025-10-01T16:36:20.841+02:00  INFO 38760 --- [myCV] [           main] com.julian.cv.MyCvApplicationTests       : Starting MyCvApplicationTests using Java 17.0.7 with PID 38760 (started by jgomezfe in C:\Workspaces\myCV)
2025-10-01T16:36:20.845+02:00  INFO 38760 --- [myCV] [           main] com.julian.cv.MyCvApplicationTests       : No active profile set, falling back to 1 default profile: "default"
2025-10-01T16:36:22.282+02:00  INFO 38760 --- [myCV] [           main] o.s.b.a.w.s.WelcomePageHandlerMapping    : Adding welcome page template: index
2025-10-01T16:36:23.031+02:00  INFO 38760 --- [myCV] [           main] com.julian.cv.MyCvApplicationTests       : Started MyCvApplicationTests in 2.683 seconds (process running for 4.551)
]]></system-out>
  </testcase>
</testsuite>